2022-04-30 20:55:22.142  INFO 9404 --- [restartedMain] TeachCareerSpringBootProject1Application : Starting TeachCareerSpringBootProject1Application using Java 17.0.1 on DESKTOP-RTG2D08 with PID 9404 (F:\spring\TeachCareerSpringBootProject1\target\classes started by Java Spring in F:\spring\TeachCareerSpringBootProject1)
2022-04-30 20:55:22.143  INFO 9404 --- [restartedMain] TeachCareerSpringBootProject1Application : No active profile set, falling back to 1 default profile: "default"
2022-04-30 20:55:22.614  INFO 9404 --- [restartedMain] .s.d.r.c.RepositoryConfigurationDelegate : Bootstrapping Spring Data JPA repositories in DEFAULT mode.
2022-04-30 20:55:22.617  INFO 9404 --- [restartedMain] .s.d.r.c.RepositoryConfigurationDelegate : Finished Spring Data repository scanning in 1 ms. Found 0 JPA repository interfaces.
2022-04-30 20:55:22.778  INFO 9404 --- [restartedMain] o.s.b.w.embedded.tomcat.TomcatWebServer  : Tomcat initialized with port(s): 8080 (http)
2022-04-30 20:55:22.779  INFO 9404 --- [restartedMain] o.apache.catalina.core.StandardService   : Starting service [Tomcat]
2022-04-30 20:55:22.779  INFO 9404 --- [restartedMain] org.apache.catalina.core.StandardEngine  : Starting Servlet engine: [Apache Tomcat/9.0.62]
2022-04-30 20:55:22.822  INFO 9404 --- [restartedMain] o.a.c.c.C.[Tomcat].[localhost].[/]       : Initializing Spring embedded WebApplicationContext
2022-04-30 20:55:22.822  INFO 9404 --- [restartedMain] w.s.c.ServletWebServerApplicationContext : Root WebApplicationContext: initialization completed in 673 ms
2022-04-30 20:55:22.856  INFO 9404 --- [restartedMain] com.zaxxer.hikari.HikariDataSource       : HikariPool-2 - Starting...
2022-04-30 20:55:22.976  INFO 9404 --- [restartedMain] com.zaxxer.hikari.HikariDataSource       : HikariPool-2 - Start completed.
2022-04-30 20:55:22.976  INFO 9404 --- [restartedMain] o.s.b.a.h2.H2ConsoleAutoConfiguration    : H2 console available at '/h2-console'. Database available at 'jdbc:mysql://localhost:3306/techcareer_springboot_project_1?createDatabaseIfNotExist=true&autoReconnect=true&useSSL=false'
2022-04-30 20:55:23.003  INFO 9404 --- [restartedMain] o.hibernate.jpa.internal.util.LogHelper  : HHH000204: Processing PersistenceUnitInfo [name: default]
2022-04-30 20:55:23.008  INFO 9404 --- [restartedMain] org.hibernate.dialect.Dialect            : HHH000400: Using dialect: org.hibernate.dialect.MySQL5Dialect
2022-04-30 20:55:23.043  INFO 9404 --- [restartedMain] o.h.e.t.j.p.i.JtaPlatformInitiator       : HHH000490: Using JtaPlatform implementation: [org.hibernate.engine.transaction.jta.platform.internal.NoJtaPlatform]
2022-04-30 20:55:23.043  INFO 9404 --- [restartedMain] j.LocalContainerEntityManagerFactoryBean : Initialized JPA EntityManagerFactory for persistence unit 'default'
2022-04-30 20:55:23.060  WARN 9404 --- [restartedMain] JpaBaseConfiguration$JpaWebConfiguration : spring.jpa.open-in-view is enabled by default. Therefore, database queries may be performed during view rendering. Explicitly configure spring.jpa.open-in-view to disable this warning
2022-04-30 20:55:23.140  WARN 9404 --- [restartedMain] ion$DefaultTemplateResolverConfiguration : Cannot find template location: classpath:/templates/ (please add some templates or check your Thymeleaf configuration)
2022-04-30 20:55:23.233  INFO 9404 --- [restartedMain] o.s.b.d.a.OptionalLiveReloadServer       : LiveReload server is running on port 35729
2022-04-30 20:55:23.237  INFO 9404 --- [restartedMain] o.s.b.a.e.web.EndpointLinksResolver      : Exposing 1 endpoint(s) beneath base path '/actuator'
2022-04-30 20:55:23.264  INFO 9404 --- [restartedMain] o.s.b.w.embedded.tomcat.TomcatWebServer  : Tomcat started on port(s): 8080 (http) with context path ''
2022-04-30 20:55:23.277  INFO 9404 --- [restartedMain] TeachCareerSpringBootProject1Application : Started TeachCareerSpringBootProject1Application in 1.213 seconds (JVM running for 658.44)
2022-04-30 20:55:23.282  INFO 9404 --- [restartedMain] .ConditionEvaluationDeltaLoggingListener : Condition evaluation delta:


==========================
CONDITION EVALUATION DELTA
==========================


Positive matches:
-----------------

   LogFileWebEndpointAutoConfiguration#logFileWebEndpoint matched:
      - Log File found logging.file.name ./log/blog.log (LogFileWebEndpointAutoConfiguration.LogFileCondition)
      - @ConditionalOnMissingBean (types: org.springframework.boot.actuate.logging.LogFileWebEndpoint; SearchStrategy: all) did not find any beans (OnBeanCondition)


Negative matches:
-----------------

    None


Exclusions:
-----------

    None


Unconditional classes:
----------------------

    None



2022-04-30 20:55:24.745  INFO 9404 --- [Thread-7] j.LocalContainerEntityManagerFactoryBean : Closing JPA EntityManagerFactory for persistence unit 'default'
2022-04-30 20:55:24.747  INFO 9404 --- [Thread-7] com.zaxxer.hikari.HikariDataSource       : HikariPool-2 - Shutdown initiated...
2022-04-30 20:55:24.760  INFO 9404 --- [Thread-7] com.zaxxer.hikari.HikariDataSource       : HikariPool-2 - Shutdown completed.
2022-04-30 20:55:24.935  INFO 9404 --- [restartedMain] TeachCareerSpringBootProject1Application : Starting TeachCareerSpringBootProject1Application using Java 17.0.1 on DESKTOP-RTG2D08 with PID 9404 (F:\spring\TeachCareerSpringBootProject1\target\classes started by Java Spring in F:\spring\TeachCareerSpringBootProject1)
2022-04-30 20:55:24.935  INFO 9404 --- [restartedMain] TeachCareerSpringBootProject1Application : No active profile set, falling back to 1 default profile: "default"
2022-04-30 20:55:25.564  INFO 9404 --- [restartedMain] .s.d.r.c.RepositoryConfigurationDelegate : Bootstrapping Spring Data JPA repositories in DEFAULT mode.
2022-04-30 20:55:25.566  INFO 9404 --- [restartedMain] .s.d.r.c.RepositoryConfigurationDelegate : Finished Spring Data repository scanning in 1 ms. Found 0 JPA repository interfaces.
2022-04-30 20:55:25.760  INFO 9404 --- [restartedMain] o.s.b.w.embedded.tomcat.TomcatWebServer  : Tomcat initialized with port(s): 8080 (http)
2022-04-30 20:55:25.761  INFO 9404 --- [restartedMain] o.apache.catalina.core.StandardService   : Starting service [Tomcat]
2022-04-30 20:55:25.761  INFO 9404 --- [restartedMain] org.apache.catalina.core.StandardEngine  : Starting Servlet engine: [Apache Tomcat/9.0.62]
2022-04-30 20:55:25.810  INFO 9404 --- [restartedMain] o.a.c.c.C.[Tomcat].[localhost].[/]       : Initializing Spring embedded WebApplicationContext
2022-04-30 20:55:25.810  INFO 9404 --- [restartedMain] w.s.c.ServletWebServerApplicationContext : Root WebApplicationContext: initialization completed in 870 ms
2022-04-30 20:55:25.862  INFO 9404 --- [restartedMain] com.zaxxer.hikari.HikariDataSource       : HikariPool-3 - Starting...
2022-04-30 20:55:25.869  INFO 9404 --- [restartedMain] com.zaxxer.hikari.HikariDataSource       : HikariPool-3 - Start completed.
2022-04-30 20:55:25.869  INFO 9404 --- [restartedMain] o.s.b.a.h2.H2ConsoleAutoConfiguration    : H2 console available at '/h2-console'. Database available at 'jdbc:mysql://localhost:3306/techcareer_springboot_project_1?createDatabaseIfNotExist=true&autoReconnect=true&useSSL=false'
2022-04-30 20:55:25.922  INFO 9404 --- [restartedMain] o.hibernate.jpa.internal.util.LogHelper  : HHH000204: Processing PersistenceUnitInfo [name: default]
2022-04-30 20:55:25.930  INFO 9404 --- [restartedMain] org.hibernate.dialect.Dialect            : HHH000400: Using dialect: org.hibernate.dialect.MySQL5Dialect
2022-04-30 20:55:25.942  INFO 9404 --- [restartedMain] o.h.e.t.j.p.i.JtaPlatformInitiator       : HHH000490: Using JtaPlatform implementation: [org.hibernate.engine.transaction.jta.platform.internal.NoJtaPlatform]
2022-04-30 20:55:25.943  INFO 9404 --- [restartedMain] j.LocalContainerEntityManagerFactoryBean : Initialized JPA EntityManagerFactory for persistence unit 'default'
2022-04-30 20:55:25.970  WARN 9404 --- [restartedMain] JpaBaseConfiguration$JpaWebConfiguration : spring.jpa.open-in-view is enabled by default. Therefore, database queries may be performed during view rendering. Explicitly configure spring.jpa.open-in-view to disable this warning
2022-04-30 20:55:26.083  WARN 9404 --- [restartedMain] ion$DefaultTemplateResolverConfiguration : Cannot find template location: classpath:/templates/ (please add some templates or check your Thymeleaf configuration)
2022-04-30 20:55:26.240  INFO 9404 --- [restartedMain] o.s.b.d.a.OptionalLiveReloadServer       : LiveReload server is running on port 35729
2022-04-30 20:55:26.249  INFO 9404 --- [restartedMain] o.s.b.a.e.web.EndpointLinksResolver      : Exposing 1 endpoint(s) beneath base path '/actuator'
2022-04-30 20:55:26.282  INFO 9404 --- [restartedMain] o.s.b.w.embedded.tomcat.TomcatWebServer  : Tomcat started on port(s): 8080 (http) with context path ''
2022-04-30 20:55:26.298  INFO 9404 --- [restartedMain] TeachCareerSpringBootProject1Application : Started TeachCareerSpringBootProject1Application in 1.457 seconds (JVM running for 661.46)
2022-04-30 20:55:26.301  INFO 9404 --- [restartedMain] .ConditionEvaluationDeltaLoggingListener : Condition evaluation unchanged
2022-04-30 20:55:27.043  INFO 11040 --- [main] CareerSpringBootProject1ApplicationTests : Starting TeachCareerSpringBootProject1ApplicationTests using Java 17.0.1 on DESKTOP-RTG2D08 with PID 11040 (started by Java Spring in F:\spring\TeachCareerSpringBootProject1)
2022-04-30 20:55:27.045  INFO 11040 --- [main] CareerSpringBootProject1ApplicationTests : No active profile set, falling back to 1 default profile: "default"
2022-04-30 20:55:28.537  INFO 11040 --- [main] .s.d.r.c.RepositoryConfigurationDelegate : Bootstrapping Spring Data JPA repositories in DEFAULT mode.
2022-04-30 20:55:28.558  INFO 11040 --- [main] .s.d.r.c.RepositoryConfigurationDelegate : Finished Spring Data repository scanning in 8 ms. Found 0 JPA repository interfaces.
2022-04-30 20:55:29.517  INFO 11040 --- [main] o.hibernate.jpa.internal.util.LogHelper  : HHH000204: Processing PersistenceUnitInfo [name: default]
2022-04-30 20:55:29.612  INFO 11040 --- [main] org.hibernate.Version                    : HHH000412: Hibernate ORM core version 5.6.8.Final
2022-04-30 20:55:29.907  INFO 11040 --- [main] o.hibernate.annotations.common.Version   : HCANN000001: Hibernate Commons Annotations {5.1.2.Final}
2022-04-30 20:55:30.483  INFO 11040 --- [main] com.zaxxer.hikari.HikariDataSource       : HikariPool-1 - Starting...
2022-04-30 20:55:30.934  INFO 11040 --- [main] com.zaxxer.hikari.HikariDataSource       : HikariPool-1 - Start completed.
2022-04-30 20:55:30.971  INFO 11040 --- [main] org.hibernate.dialect.Dialect            : HHH000400: Using dialect: org.hibernate.dialect.MySQL5Dialect
2022-04-30 20:55:31.669  INFO 11040 --- [main] o.h.e.t.j.p.i.JtaPlatformInitiator       : HHH000490: Using JtaPlatform implementation: [org.hibernate.engine.transaction.jta.platform.internal.NoJtaPlatform]
2022-04-30 20:55:31.685  INFO 11040 --- [main] j.LocalContainerEntityManagerFactoryBean : Initialized JPA EntityManagerFactory for persistence unit 'default'
2022-04-30 20:55:32.914  WARN 11040 --- [main] JpaBaseConfiguration$JpaWebConfiguration : spring.jpa.open-in-view is enabled by default. Therefore, database queries may be performed during view rendering. Explicitly configure spring.jpa.open-in-view to disable this warning
2022-04-30 20:55:35.664  WARN 11040 --- [main] ion$DefaultTemplateResolverConfiguration : Cannot find template location: classpath:/templates/ (please add some templates or check your Thymeleaf configuration)
2022-04-30 20:55:36.564  INFO 11040 --- [main] o.s.b.a.e.web.EndpointLinksResolver      : Exposing 1 endpoint(s) beneath base path '/actuator'
2022-04-30 20:55:36.635  INFO 11040 --- [main] CareerSpringBootProject1ApplicationTests : Started TeachCareerSpringBootProject1ApplicationTests in 10.031 seconds (JVM running for 11.964)
2022-04-30 20:55:37.131  INFO 11040 --- [SpringApplicationShutdownHook] j.LocalContainerEntityManagerFactoryBean : Closing JPA EntityManagerFactory for persistence unit 'default'
2022-04-30 20:55:37.135  INFO 11040 --- [SpringApplicationShutdownHook] com.zaxxer.hikari.HikariDataSource       : HikariPool-1 - Shutdown initiated...
2022-04-30 20:55:37.153  INFO 11040 --- [SpringApplicationShutdownHook] com.zaxxer.hikari.HikariDataSource       : HikariPool-1 - Shutdown completed.
2022-04-30 20:56:32.774  INFO 9404 --- [SpringApplicationShutdownHook] j.LocalContainerEntityManagerFactoryBean : Closing JPA EntityManagerFactory for persistence unit 'default'
2022-04-30 20:56:32.775  INFO 9404 --- [SpringApplicationShutdownHook] com.zaxxer.hikari.HikariDataSource       : HikariPool-3 - Shutdown initiated...
2022-04-30 20:56:32.777  INFO 9404 --- [SpringApplicationShutdownHook] com.zaxxer.hikari.HikariDataSource       : HikariPool-3 - Shutdown completed.
2022-04-30 20:56:36.544  INFO 25468 --- [restartedMain] TeachCareerSpringBootProject1Application : Starting TeachCareerSpringBootProject1Application using Java 17.0.1 on DESKTOP-RTG2D08 with PID 25468 (F:\spring\TeachCareerSpringBootProject1\target\classes started by Java Spring in F:\spring\TeachCareerSpringBootProject1)
2022-04-30 20:56:36.545  INFO 25468 --- [restartedMain] TeachCareerSpringBootProject1Application : No active profile set, falling back to 1 default profile: "default"
2022-04-30 20:56:36.581  INFO 25468 --- [restartedMain] .e.DevToolsPropertyDefaultsPostProcessor : Devtools property defaults active! Set 'spring.devtools.add-properties' to 'false' to disable
2022-04-30 20:56:36.581  INFO 25468 --- [restartedMain] .e.DevToolsPropertyDefaultsPostProcessor : For additional web related logging consider setting the 'logging.level.web' property to 'DEBUG'
2022-04-30 20:56:37.558  INFO 25468 --- [restartedMain] .s.d.r.c.RepositoryConfigurationDelegate : Bootstrapping Spring Data JPA repositories in DEFAULT mode.
2022-04-30 20:56:37.571  INFO 25468 --- [restartedMain] .s.d.r.c.RepositoryConfigurationDelegate : Finished Spring Data repository scanning in 4 ms. Found 0 JPA repository interfaces.
2022-04-30 20:56:38.086  INFO 25468 --- [restartedMain] o.s.b.w.embedded.tomcat.TomcatWebServer  : Tomcat initialized with port(s): 8080 (http)
2022-04-30 20:56:38.092  INFO 25468 --- [restartedMain] o.apache.catalina.core.StandardService   : Starting service [Tomcat]
2022-04-30 20:56:38.092  INFO 25468 --- [restartedMain] org.apache.catalina.core.StandardEngine  : Starting Servlet engine: [Apache Tomcat/9.0.62]
2022-04-30 20:56:38.183  INFO 25468 --- [restartedMain] o.a.c.c.C.[Tomcat].[localhost].[/]       : Initializing Spring embedded WebApplicationContext
2022-04-30 20:56:38.183  INFO 25468 --- [restartedMain] w.s.c.ServletWebServerApplicationContext : Root WebApplicationContext: initialization completed in 1601 ms
2022-04-30 20:56:38.267  INFO 25468 --- [restartedMain] com.zaxxer.hikari.HikariDataSource       : HikariPool-1 - Starting...
2022-04-30 20:56:38.362  INFO 25468 --- [restartedMain] com.zaxxer.hikari.HikariDataSource       : HikariPool-1 - Start completed.
2022-04-30 20:56:38.368  INFO 25468 --- [restartedMain] o.s.b.a.h2.H2ConsoleAutoConfiguration    : H2 console available at '/h2-console'. Database available at 'jdbc:mysql://localhost:3306/techcareer_springboot_project_1?createDatabaseIfNotExist=true&autoReconnect=true&useSSL=false'
2022-04-30 20:56:38.474  INFO 25468 --- [restartedMain] o.hibernate.jpa.internal.util.LogHelper  : HHH000204: Processing PersistenceUnitInfo [name: default]
2022-04-30 20:56:38.523  INFO 25468 --- [restartedMain] org.hibernate.Version                    : HHH000412: Hibernate ORM core version 5.6.8.Final
2022-04-30 20:56:38.681  INFO 25468 --- [restartedMain] o.hibernate.annotations.common.Version   : HCANN000001: Hibernate Commons Annotations {5.1.2.Final}
2022-04-30 20:56:38.809  INFO 25468 --- [restartedMain] org.hibernate.dialect.Dialect            : HHH000400: Using dialect: org.hibernate.dialect.MySQL5Dialect
2022-04-30 20:56:38.991  INFO 25468 --- [restartedMain] o.h.e.t.j.p.i.JtaPlatformInitiator       : HHH000490: Using JtaPlatform implementation: [org.hibernate.engine.transaction.jta.platform.internal.NoJtaPlatform]
2022-04-30 20:56:39.002  INFO 25468 --- [restartedMain] j.LocalContainerEntityManagerFactoryBean : Initialized JPA EntityManagerFactory for persistence unit 'default'
2022-04-30 20:56:39.150  WARN 25468 --- [restartedMain] JpaBaseConfiguration$JpaWebConfiguration : spring.jpa.open-in-view is enabled by default. Therefore, database queries may be performed during view rendering. Explicitly configure spring.jpa.open-in-view to disable this warning
2022-04-30 20:56:40.135  WARN 25468 --- [restartedMain] ion$DefaultTemplateResolverConfiguration : Cannot find template location: classpath:/templates/ (please add some templates or check your Thymeleaf configuration)
2022-04-30 20:56:40.432  INFO 25468 --- [restartedMain] o.s.b.d.a.OptionalLiveReloadServer       : LiveReload server is running on port 35729
2022-04-30 20:56:40.436  INFO 25468 --- [restartedMain] o.s.b.a.e.web.EndpointLinksResolver      : Exposing 1 endpoint(s) beneath base path '/actuator'
2022-04-30 20:56:40.497  INFO 25468 --- [restartedMain] o.s.b.w.embedded.tomcat.TomcatWebServer  : Tomcat started on port(s): 8080 (http) with context path ''
2022-04-30 20:56:40.514  INFO 25468 --- [restartedMain] TeachCareerSpringBootProject1Application : Started TeachCareerSpringBootProject1Application in 4.369 seconds (JVM running for 5.586)
2022-04-30 20:56:40.821  INFO 25468 --- [RMI TCP Connection(4)-172.30.192.1] o.a.c.c.C.[Tomcat].[localhost].[/]       : Initializing Spring DispatcherServlet 'dispatcherServlet'
2022-04-30 20:56:40.822  INFO 25468 --- [RMI TCP Connection(4)-172.30.192.1] o.s.web.servlet.DispatcherServlet        : Initializing Servlet 'dispatcherServlet'
2022-04-30 20:56:40.825  INFO 25468 --- [RMI TCP Connection(4)-172.30.192.1] o.s.web.servlet.DispatcherServlet        : Completed initialization in 2 ms
2022-04-30 20:59:52.714  INFO 25468 --- [SpringApplicationShutdownHook] j.LocalContainerEntityManagerFactoryBean : Closing JPA EntityManagerFactory for persistence unit 'default'
2022-04-30 20:59:52.716  INFO 25468 --- [SpringApplicationShutdownHook] com.zaxxer.hikari.HikariDataSource       : HikariPool-1 - Shutdown initiated...
2022-04-30 20:59:52.721  INFO 25468 --- [SpringApplicationShutdownHook] com.zaxxer.hikari.HikariDataSource       : HikariPool-1 - Shutdown completed.
2022-04-30 21:00:09.529  INFO 17796 --- [restartedMain] TeachCareerSpringBootProject1Application : Starting TeachCareerSpringBootProject1Application using Java 17.0.1 on DESKTOP-RTG2D08 with PID 17796 (F:\spring\TeachCareerSpringBootProject1\target\classes started by Java Spring in F:\spring\TeachCareerSpringBootProject1)
2022-04-30 21:00:09.531  INFO 17796 --- [restartedMain] TeachCareerSpringBootProject1Application : No active profile set, falling back to 1 default profile: "default"
2022-04-30 21:00:09.594  INFO 17796 --- [restartedMain] .e.DevToolsPropertyDefaultsPostProcessor : Devtools property defaults active! Set 'spring.devtools.add-properties' to 'false' to disable
2022-04-30 21:00:09.595  INFO 17796 --- [restartedMain] .e.DevToolsPropertyDefaultsPostProcessor : For additional web related logging consider setting the 'logging.level.web' property to 'DEBUG'
2022-04-30 21:00:10.537  INFO 17796 --- [restartedMain] .s.d.r.c.RepositoryConfigurationDelegate : Bootstrapping Spring Data JPA repositories in DEFAULT mode.
2022-04-30 21:00:10.548  INFO 17796 --- [restartedMain] .s.d.r.c.RepositoryConfigurationDelegate : Finished Spring Data repository scanning in 3 ms. Found 0 JPA repository interfaces.
2022-04-30 21:00:10.980  INFO 17796 --- [restartedMain] o.s.b.w.embedded.tomcat.TomcatWebServer  : Tomcat initialized with port(s): 8080 (http)
2022-04-30 21:00:10.985  INFO 17796 --- [restartedMain] o.apache.catalina.core.StandardService   : Starting service [Tomcat]
2022-04-30 21:00:10.986  INFO 17796 --- [restartedMain] org.apache.catalina.core.StandardEngine  : Starting Servlet engine: [Apache Tomcat/9.0.62]
2022-04-30 21:00:11.068  INFO 17796 --- [restartedMain] o.a.c.c.C.[Tomcat].[localhost].[/]       : Initializing Spring embedded WebApplicationContext
2022-04-30 21:00:11.069  INFO 17796 --- [restartedMain] w.s.c.ServletWebServerApplicationContext : Root WebApplicationContext: initialization completed in 1474 ms
2022-04-30 21:00:11.150  INFO 17796 --- [restartedMain] com.zaxxer.hikari.HikariDataSource       : HikariPool-1 - Starting...
2022-04-30 21:00:11.230  INFO 17796 --- [restartedMain] com.zaxxer.hikari.HikariDataSource       : HikariPool-1 - Start completed.
2022-04-30 21:00:11.237  INFO 17796 --- [restartedMain] o.s.b.a.h2.H2ConsoleAutoConfiguration    : H2 console available at '/h2-console'. Database available at 'jdbc:mysql://localhost:3306/techcareer_springboot_project_1?createDatabaseIfNotExist=true&autoReconnect=true&useSSL=false'
2022-04-30 21:00:11.344  INFO 17796 --- [restartedMain] o.hibernate.jpa.internal.util.LogHelper  : HHH000204: Processing PersistenceUnitInfo [name: default]
2022-04-30 21:00:11.385  INFO 17796 --- [restartedMain] org.hibernate.Version                    : HHH000412: Hibernate ORM core version 5.6.8.Final
2022-04-30 21:00:11.471  INFO 17796 --- [restartedMain] o.hibernate.annotations.common.Version   : HCANN000001: Hibernate Commons Annotations {5.1.2.Final}
2022-04-30 21:00:11.569  INFO 17796 --- [restartedMain] org.hibernate.dialect.Dialect            : HHH000400: Using dialect: org.hibernate.dialect.MySQL5Dialect
2022-04-30 21:00:11.692  INFO 17796 --- [restartedMain] o.h.e.t.j.p.i.JtaPlatformInitiator       : HHH000490: Using JtaPlatform implementation: [org.hibernate.engine.transaction.jta.platform.internal.NoJtaPlatform]
2022-04-30 21:00:11.698  INFO 17796 --- [restartedMain] j.LocalContainerEntityManagerFactoryBean : Initialized JPA EntityManagerFactory for persistence unit 'default'
2022-04-30 21:00:11.792  WARN 17796 --- [restartedMain] JpaBaseConfiguration$JpaWebConfiguration : spring.jpa.open-in-view is enabled by default. Therefore, database queries may be performed during view rendering. Explicitly configure spring.jpa.open-in-view to disable this warning
2022-04-30 21:00:12.485  WARN 17796 --- [restartedMain] ion$DefaultTemplateResolverConfiguration : Cannot find template location: classpath:/templates/ (please add some templates or check your Thymeleaf configuration)
2022-04-30 21:00:12.742  INFO 17796 --- [restartedMain] o.s.b.d.a.OptionalLiveReloadServer       : LiveReload server is running on port 35729
2022-04-30 21:00:12.745  INFO 17796 --- [restartedMain] o.s.b.a.e.web.EndpointLinksResolver      : Exposing 1 endpoint(s) beneath base path '/actuator'
2022-04-30 21:00:12.784  INFO 17796 --- [restartedMain] o.s.b.w.embedded.tomcat.TomcatWebServer  : Tomcat started on port(s): 8080 (http) with context path ''
2022-04-30 21:00:12.798  INFO 17796 --- [restartedMain] TeachCareerSpringBootProject1Application : Started TeachCareerSpringBootProject1Application in 3.783 seconds (JVM running for 4.748)
2022-04-30 21:00:13.047  INFO 17796 --- [RMI TCP Connection(1)-172.30.192.1] o.a.c.c.C.[Tomcat].[localhost].[/]       : Initializing Spring DispatcherServlet 'dispatcherServlet'
2022-04-30 21:00:13.047  INFO 17796 --- [RMI TCP Connection(1)-172.30.192.1] o.s.web.servlet.DispatcherServlet        : Initializing Servlet 'dispatcherServlet'
2022-04-30 21:00:13.050  INFO 17796 --- [RMI TCP Connection(1)-172.30.192.1] o.s.web.servlet.DispatcherServlet        : Completed initialization in 2 ms
